Performing C++ SOURCE FILE Test COMPILER_SUPPORT_Wnopsabi failed with the following output:
Change Dir: /Users/stevenjames/Documents/libcmaes/CMakeFiles/CMakeTmp

Run Build Command:"/usr/local/bin/gmake" "cmTC_99ce8/fast"
/usr/local/bin/gmake -f CMakeFiles/cmTC_99ce8.dir/build.make CMakeFiles/cmTC_99ce8.dir/build
gmake[1]: Entering directory '/Users/stevenjames/Documents/libcmaes/CMakeFiles/CMakeTmp'
Building CXX object CMakeFiles/cmTC_99ce8.dir/src.cxx.o
/Applications/Xcode.app/Contents/Developer/Toolchains/XcodeDefault.xctoolchain/usr/bin/c++     -pedantic -Wall -Wextra -Wundef -Wcast-align -Wchar-subscripts -Wnon-virtual-dtor -Wunused-local-typedefs -Wpointer-arith -Wwrite-strings -Wformat-security -Wshorten-64-to-32 -Wenum-conversion -Wc++11-extensions -Wshadow -DCOMPILER_SUPPORT_Wnopsabi -Werror   -Wno-psabi -o CMakeFiles/cmTC_99ce8.dir/src.cxx.o -c /Users/stevenjames/Documents/libcmaes/CMakeFiles/CMakeTmp/src.cxx
error: unknown warning option '-Wno-psabi' [-Werror,-Wunknown-warning-option]
CMakeFiles/cmTC_99ce8.dir/build.make:65: recipe for target 'CMakeFiles/cmTC_99ce8.dir/src.cxx.o' failed
gmake[1]: *** [CMakeFiles/cmTC_99ce8.dir/src.cxx.o] Error 1
gmake[1]: Leaving directory '/Users/stevenjames/Documents/libcmaes/CMakeFiles/CMakeTmp'
Makefile:126: recipe for target 'cmTC_99ce8/fast' failed
gmake: *** [cmTC_99ce8/fast] Error 2

Source file was:
int main() { return 0; }
Performing C++ SOURCE FILE Test COMPILER_SUPPORT_wd981 failed with the following output:
Change Dir: /Users/stevenjames/Documents/libcmaes/CMakeFiles/CMakeTmp

Run Build Command:"/usr/local/bin/gmake" "cmTC_de1df/fast"
/usr/local/bin/gmake -f CMakeFiles/cmTC_de1df.dir/build.make CMakeFiles/cmTC_de1df.dir/build
gmake[1]: Entering directory '/Users/stevenjames/Documents/libcmaes/CMakeFiles/CMakeTmp'
Building CXX object CMakeFiles/cmTC_de1df.dir/src.cxx.o
/Applications/Xcode.app/Contents/Developer/Toolchains/XcodeDefault.xctoolchain/usr/bin/c++     -pedantic -Wall -Wextra -Wundef -Wcast-align -Wchar-subscripts -Wnon-virtual-dtor -Wunused-local-typedefs -Wpointer-arith -Wwrite-strings -Wformat-security -Wshorten-64-to-32 -Wenum-conversion -Wc++11-extensions -Wshadow -Wno-variadic-macros -Wno-long-long -fno-check-new -fno-common -fstrict-aliasing -DCOMPILER_SUPPORT_wd981 -Werror   -wd981 -o CMakeFiles/cmTC_de1df.dir/src.cxx.o -c /Users/stevenjames/Documents/libcmaes/CMakeFiles/CMakeTmp/src.cxx
clang: error: unknown argument: '-wd981'
CMakeFiles/cmTC_de1df.dir/build.make:65: recipe for target 'CMakeFiles/cmTC_de1df.dir/src.cxx.o' failed
gmake[1]: *** [CMakeFiles/cmTC_de1df.dir/src.cxx.o] Error 1
gmake[1]: Leaving directory '/Users/stevenjames/Documents/libcmaes/CMakeFiles/CMakeTmp'
Makefile:126: recipe for target 'cmTC_de1df/fast' failed
gmake: *** [cmTC_de1df/fast] Error 2

Source file was:
int main() { return 0; }
Performing C++ SOURCE FILE Test COMPILER_SUPPORT_wd2304 failed with the following output:
Change Dir: /Users/stevenjames/Documents/libcmaes/CMakeFiles/CMakeTmp

Run Build Command:"/usr/local/bin/gmake" "cmTC_833bd/fast"
/usr/local/bin/gmake -f CMakeFiles/cmTC_833bd.dir/build.make CMakeFiles/cmTC_833bd.dir/build
gmake[1]: Entering directory '/Users/stevenjames/Documents/libcmaes/CMakeFiles/CMakeTmp'
Building CXX object CMakeFiles/cmTC_833bd.dir/src.cxx.o
/Applications/Xcode.app/Contents/Developer/Toolchains/XcodeDefault.xctoolchain/usr/bin/c++     -pedantic -Wall -Wextra -Wundef -Wcast-align -Wchar-subscripts -Wnon-virtual-dtor -Wunused-local-typedefs -Wpointer-arith -Wwrite-strings -Wformat-security -Wshorten-64-to-32 -Wenum-conversion -Wc++11-extensions -Wshadow -Wno-variadic-macros -Wno-long-long -fno-check-new -fno-common -fstrict-aliasing -DCOMPILER_SUPPORT_wd2304 -Werror   -wd2304 -o CMakeFiles/cmTC_833bd.dir/src.cxx.o -c /Users/stevenjames/Documents/libcmaes/CMakeFiles/CMakeTmp/src.cxx
clang: error: unknown argument: '-wd2304'
CMakeFiles/cmTC_833bd.dir/build.make:65: recipe for target 'CMakeFiles/cmTC_833bd.dir/src.cxx.o' failed
gmake[1]: *** [CMakeFiles/cmTC_833bd.dir/src.cxx.o] Error 1
gmake[1]: Leaving directory '/Users/stevenjames/Documents/libcmaes/CMakeFiles/CMakeTmp'
Makefile:126: recipe for target 'cmTC_833bd/fast' failed
gmake: *** [cmTC_833bd/fast] Error 2

Source file was:
int main() { return 0; }
Performing C++ SOURCE FILE Test COMPILER_SUPPORT_STRICTANSI failed with the following output:
Change Dir: /Users/stevenjames/Documents/libcmaes/CMakeFiles/CMakeTmp

Run Build Command:"/usr/local/bin/gmake" "cmTC_5a8dc/fast"
/usr/local/bin/gmake -f CMakeFiles/cmTC_5a8dc.dir/build.make CMakeFiles/cmTC_5a8dc.dir/build
gmake[1]: Entering directory '/Users/stevenjames/Documents/libcmaes/CMakeFiles/CMakeTmp'
Building CXX object CMakeFiles/cmTC_5a8dc.dir/src.cxx.o
/Applications/Xcode.app/Contents/Developer/Toolchains/XcodeDefault.xctoolchain/usr/bin/c++     -pedantic -Wall -Wextra -Wundef -Wcast-align -Wchar-subscripts -Wnon-virtual-dtor -Wunused-local-typedefs -Wpointer-arith -Wwrite-strings -Wformat-security -Wshorten-64-to-32 -Wenum-conversion -Wc++11-extensions -Wshadow -Wno-variadic-macros -Wno-long-long -fno-check-new -fno-common -fstrict-aliasing -DCOMPILER_SUPPORT_STRICTANSI -Werror   -strict-ansi -o CMakeFiles/cmTC_5a8dc.dir/src.cxx.o -c /Users/stevenjames/Documents/libcmaes/CMakeFiles/CMakeTmp/src.cxx
clang: error: unknown argument: '-strict-ansi'
CMakeFiles/cmTC_5a8dc.dir/build.make:65: recipe for target 'CMakeFiles/cmTC_5a8dc.dir/src.cxx.o' failed
gmake[1]: *** [CMakeFiles/cmTC_5a8dc.dir/src.cxx.o] Error 1
gmake[1]: Leaving directory '/Users/stevenjames/Documents/libcmaes/CMakeFiles/CMakeTmp'
Makefile:126: recipe for target 'cmTC_5a8dc/fast' failed
gmake: *** [cmTC_5a8dc/fast] Error 2

Source file was:
int main() { return 0; }
Determining if the Q_WS_X11 exist failed with the following output:
Change Dir: /Users/stevenjames/Documents/libcmaes/CMakeFiles/CMakeTmp

Run Build Command:"/usr/local/bin/gmake" "cmTC_6305a/fast"
/usr/local/bin/gmake -f CMakeFiles/cmTC_6305a.dir/build.make CMakeFiles/cmTC_6305a.dir/build
gmake[1]: Entering directory '/Users/stevenjames/Documents/libcmaes/CMakeFiles/CMakeTmp'
Building CXX object CMakeFiles/cmTC_6305a.dir/CheckSymbolExists.cxx.o
/Applications/Xcode.app/Contents/Developer/Toolchains/XcodeDefault.xctoolchain/usr/bin/c++    -I/usr/local/Cellar/qt/4.8.7_1/include -F/usr/local/Cellar/qt/4.8.7_1/lib  -pedantic -Wall -Wextra -Wundef -Wcast-align -Wchar-subscripts -Wnon-virtual-dtor -Wunused-local-typedefs -Wpointer-arith -Wwrite-strings -Wformat-security -Wshorten-64-to-32 -Wenum-conversion -Wc++11-extensions -Wshadow -Wno-variadic-macros -Wno-long-long -fno-check-new -fno-common -fstrict-aliasing -Qunused-arguments -ansi    -o CMakeFiles/cmTC_6305a.dir/CheckSymbolExists.cxx.o -c /Users/stevenjames/Documents/libcmaes/CMakeFiles/CMakeTmp/CheckSymbolExists.cxx
/Users/stevenjames/Documents/libcmaes/CMakeFiles/CMakeTmp/CheckSymbolExists.cxx:8:19: error: use of undeclared identifier 'Q_WS_X11'
  return ((int*)(&Q_WS_X11))[argc];
                  ^
1 error generated.
CMakeFiles/cmTC_6305a.dir/build.make:65: recipe for target 'CMakeFiles/cmTC_6305a.dir/CheckSymbolExists.cxx.o' failed
gmake[1]: *** [CMakeFiles/cmTC_6305a.dir/CheckSymbolExists.cxx.o] Error 1
gmake[1]: Leaving directory '/Users/stevenjames/Documents/libcmaes/CMakeFiles/CMakeTmp'
Makefile:126: recipe for target 'cmTC_6305a/fast' failed
gmake: *** [cmTC_6305a/fast] Error 2

File /Users/stevenjames/Documents/libcmaes/CMakeFiles/CMakeTmp/CheckSymbolExists.cxx:
/* */
#include <QtCore/qglobal.h>

int main(int argc, char** argv)
{
  (void)argv;
#ifndef Q_WS_X11
  return ((int*)(&Q_WS_X11))[argc];
#else
  (void)argc;
  return 0;
#endif
}

Determining if the Q_WS_WIN exist failed with the following output:
Change Dir: /Users/stevenjames/Documents/libcmaes/CMakeFiles/CMakeTmp

Run Build Command:"/usr/local/bin/gmake" "cmTC_58d37/fast"
/usr/local/bin/gmake -f CMakeFiles/cmTC_58d37.dir/build.make CMakeFiles/cmTC_58d37.dir/build
gmake[1]: Entering directory '/Users/stevenjames/Documents/libcmaes/CMakeFiles/CMakeTmp'
Building CXX object CMakeFiles/cmTC_58d37.dir/CheckSymbolExists.cxx.o
/Applications/Xcode.app/Contents/Developer/Toolchains/XcodeDefault.xctoolchain/usr/bin/c++    -I/usr/local/Cellar/qt/4.8.7_1/include -F/usr/local/Cellar/qt/4.8.7_1/lib  -pedantic -Wall -Wextra -Wundef -Wcast-align -Wchar-subscripts -Wnon-virtual-dtor -Wunused-local-typedefs -Wpointer-arith -Wwrite-strings -Wformat-security -Wshorten-64-to-32 -Wenum-conversion -Wc++11-extensions -Wshadow -Wno-variadic-macros -Wno-long-long -fno-check-new -fno-common -fstrict-aliasing -Qunused-arguments -ansi    -o CMakeFiles/cmTC_58d37.dir/CheckSymbolExists.cxx.o -c /Users/stevenjames/Documents/libcmaes/CMakeFiles/CMakeTmp/CheckSymbolExists.cxx
/Users/stevenjames/Documents/libcmaes/CMakeFiles/CMakeTmp/CheckSymbolExists.cxx:8:19: error: use of undeclared identifier 'Q_WS_WIN'
  return ((int*)(&Q_WS_WIN))[argc];
                  ^
1 error generated.
CMakeFiles/cmTC_58d37.dir/build.make:65: recipe for target 'CMakeFiles/cmTC_58d37.dir/CheckSymbolExists.cxx.o' failed
gmake[1]: *** [CMakeFiles/cmTC_58d37.dir/CheckSymbolExists.cxx.o] Error 1
gmake[1]: Leaving directory '/Users/stevenjames/Documents/libcmaes/CMakeFiles/CMakeTmp'
Makefile:126: recipe for target 'cmTC_58d37/fast' failed
gmake: *** [cmTC_58d37/fast] Error 2

File /Users/stevenjames/Documents/libcmaes/CMakeFiles/CMakeTmp/CheckSymbolExists.cxx:
/* */
#include <QtCore/qglobal.h>

int main(int argc, char** argv)
{
  (void)argv;
#ifndef Q_WS_WIN
  return ((int*)(&Q_WS_WIN))[argc];
#else
  (void)argc;
  return 0;
#endif
}

Determining if the Q_WS_QWS exist failed with the following output:
Change Dir: /Users/stevenjames/Documents/libcmaes/CMakeFiles/CMakeTmp

Run Build Command:"/usr/local/bin/gmake" "cmTC_43afd/fast"
/usr/local/bin/gmake -f CMakeFiles/cmTC_43afd.dir/build.make CMakeFiles/cmTC_43afd.dir/build
gmake[1]: Entering directory '/Users/stevenjames/Documents/libcmaes/CMakeFiles/CMakeTmp'
Building CXX object CMakeFiles/cmTC_43afd.dir/CheckSymbolExists.cxx.o
/Applications/Xcode.app/Contents/Developer/Toolchains/XcodeDefault.xctoolchain/usr/bin/c++    -I/usr/local/Cellar/qt/4.8.7_1/include -F/usr/local/Cellar/qt/4.8.7_1/lib  -pedantic -Wall -Wextra -Wundef -Wcast-align -Wchar-subscripts -Wnon-virtual-dtor -Wunused-local-typedefs -Wpointer-arith -Wwrite-strings -Wformat-security -Wshorten-64-to-32 -Wenum-conversion -Wc++11-extensions -Wshadow -Wno-variadic-macros -Wno-long-long -fno-check-new -fno-common -fstrict-aliasing -Qunused-arguments -ansi    -o CMakeFiles/cmTC_43afd.dir/CheckSymbolExists.cxx.o -c /Users/stevenjames/Documents/libcmaes/CMakeFiles/CMakeTmp/CheckSymbolExists.cxx
/Users/stevenjames/Documents/libcmaes/CMakeFiles/CMakeTmp/CheckSymbolExists.cxx:8:19: error: use of undeclared identifier 'Q_WS_QWS'
  return ((int*)(&Q_WS_QWS))[argc];
                  ^
1 error generated.
CMakeFiles/cmTC_43afd.dir/build.make:65: recipe for target 'CMakeFiles/cmTC_43afd.dir/CheckSymbolExists.cxx.o' failed
gmake[1]: *** [CMakeFiles/cmTC_43afd.dir/CheckSymbolExists.cxx.o] Error 1
gmake[1]: Leaving directory '/Users/stevenjames/Documents/libcmaes/CMakeFiles/CMakeTmp'
Makefile:126: recipe for target 'cmTC_43afd/fast' failed
gmake: *** [cmTC_43afd/fast] Error 2

File /Users/stevenjames/Documents/libcmaes/CMakeFiles/CMakeTmp/CheckSymbolExists.cxx:
/* */
#include <QtCore/qglobal.h>

int main(int argc, char** argv)
{
  (void)argv;
#ifndef Q_WS_QWS
  return ((int*)(&Q_WS_QWS))[argc];
#else
  (void)argc;
  return 0;
#endif
}

Performing C++ SOURCE FILE Test COMPILER_SUPPORT_Wnopsabi failed with the following output:
Change Dir: /Users/stevenjames/Documents/libcmaes/CMakeFiles/CMakeTmp

Run Build Command:"/usr/local/bin/gmake" "cmTC_8ef4e/fast"
/usr/local/bin/gmake -f CMakeFiles/cmTC_8ef4e.dir/build.make CMakeFiles/cmTC_8ef4e.dir/build
gmake[1]: Entering directory '/Users/stevenjames/Documents/libcmaes/CMakeFiles/CMakeTmp'
Building CXX object CMakeFiles/cmTC_8ef4e.dir/src.cxx.o
/Applications/Xcode.app/Contents/Developer/Toolchains/XcodeDefault.xctoolchain/usr/bin/c++     -pedantic -Wall -Wextra -Wundef -Wcast-align -Wchar-subscripts -Wnon-virtual-dtor -Wunused-local-typedefs -Wpointer-arith -Wwrite-strings -Wformat-security -Wshorten-64-to-32 -Wenum-conversion -Wc++11-extensions -Wshadow -DCOMPILER_SUPPORT_Wnopsabi -Werror   -Wno-psabi -o CMakeFiles/cmTC_8ef4e.dir/src.cxx.o -c /Users/stevenjames/Documents/libcmaes/CMakeFiles/CMakeTmp/src.cxx
error: unknown warning option '-Wno-psabi' [-Werror,-Wunknown-warning-option]
CMakeFiles/cmTC_8ef4e.dir/build.make:65: recipe for target 'CMakeFiles/cmTC_8ef4e.dir/src.cxx.o' failed
gmake[1]: *** [CMakeFiles/cmTC_8ef4e.dir/src.cxx.o] Error 1
gmake[1]: Leaving directory '/Users/stevenjames/Documents/libcmaes/CMakeFiles/CMakeTmp'
Makefile:126: recipe for target 'cmTC_8ef4e/fast' failed
gmake: *** [cmTC_8ef4e/fast] Error 2

Source file was:
int main() { return 0; }
Performing C++ SOURCE FILE Test COMPILER_SUPPORT_wd981 failed with the following output:
Change Dir: /Users/stevenjames/Documents/libcmaes/CMakeFiles/CMakeTmp

Run Build Command:"/usr/local/bin/gmake" "cmTC_a57be/fast"
/usr/local/bin/gmake -f CMakeFiles/cmTC_a57be.dir/build.make CMakeFiles/cmTC_a57be.dir/build
gmake[1]: Entering directory '/Users/stevenjames/Documents/libcmaes/CMakeFiles/CMakeTmp'
Building CXX object CMakeFiles/cmTC_a57be.dir/src.cxx.o
/Applications/Xcode.app/Contents/Developer/Toolchains/XcodeDefault.xctoolchain/usr/bin/c++     -pedantic -Wall -Wextra -Wundef -Wcast-align -Wchar-subscripts -Wnon-virtual-dtor -Wunused-local-typedefs -Wpointer-arith -Wwrite-strings -Wformat-security -Wshorten-64-to-32 -Wenum-conversion -Wc++11-extensions -Wshadow -Wno-variadic-macros -Wno-long-long -fno-check-new -fno-common -fstrict-aliasing -DCOMPILER_SUPPORT_wd981 -Werror   -wd981 -o CMakeFiles/cmTC_a57be.dir/src.cxx.o -c /Users/stevenjames/Documents/libcmaes/CMakeFiles/CMakeTmp/src.cxx
clang: error: unknown argument: '-wd981'
CMakeFiles/cmTC_a57be.dir/build.make:65: recipe for target 'CMakeFiles/cmTC_a57be.dir/src.cxx.o' failed
gmake[1]: *** [CMakeFiles/cmTC_a57be.dir/src.cxx.o] Error 1
gmake[1]: Leaving directory '/Users/stevenjames/Documents/libcmaes/CMakeFiles/CMakeTmp'
Makefile:126: recipe for target 'cmTC_a57be/fast' failed
gmake: *** [cmTC_a57be/fast] Error 2

Source file was:
int main() { return 0; }
Performing C++ SOURCE FILE Test COMPILER_SUPPORT_wd2304 failed with the following output:
Change Dir: /Users/stevenjames/Documents/libcmaes/CMakeFiles/CMakeTmp

Run Build Command:"/usr/local/bin/gmake" "cmTC_8f382/fast"
/usr/local/bin/gmake -f CMakeFiles/cmTC_8f382.dir/build.make CMakeFiles/cmTC_8f382.dir/build
gmake[1]: Entering directory '/Users/stevenjames/Documents/libcmaes/CMakeFiles/CMakeTmp'
Building CXX object CMakeFiles/cmTC_8f382.dir/src.cxx.o
/Applications/Xcode.app/Contents/Developer/Toolchains/XcodeDefault.xctoolchain/usr/bin/c++     -pedantic -Wall -Wextra -Wundef -Wcast-align -Wchar-subscripts -Wnon-virtual-dtor -Wunused-local-typedefs -Wpointer-arith -Wwrite-strings -Wformat-security -Wshorten-64-to-32 -Wenum-conversion -Wc++11-extensions -Wshadow -Wno-variadic-macros -Wno-long-long -fno-check-new -fno-common -fstrict-aliasing -DCOMPILER_SUPPORT_wd2304 -Werror   -wd2304 -o CMakeFiles/cmTC_8f382.dir/src.cxx.o -c /Users/stevenjames/Documents/libcmaes/CMakeFiles/CMakeTmp/src.cxx
clang: error: unknown argument: '-wd2304'
CMakeFiles/cmTC_8f382.dir/build.make:65: recipe for target 'CMakeFiles/cmTC_8f382.dir/src.cxx.o' failed
gmake[1]: Leaving directory '/Users/stevenjames/Documents/libcmaes/CMakeFiles/CMakeTmp'
gmake[1]: *** [CMakeFiles/cmTC_8f382.dir/src.cxx.o] Error 1
Makefile:126: recipe for target 'cmTC_8f382/fast' failed
gmake: *** [cmTC_8f382/fast] Error 2

Source file was:
int main() { return 0; }
Performing C++ SOURCE FILE Test COMPILER_SUPPORT_STRICTANSI failed with the following output:
Change Dir: /Users/stevenjames/Documents/libcmaes/CMakeFiles/CMakeTmp

Run Build Command:"/usr/local/bin/gmake" "cmTC_d04de/fast"
/usr/local/bin/gmake -f CMakeFiles/cmTC_d04de.dir/build.make CMakeFiles/cmTC_d04de.dir/build
gmake[1]: Entering directory '/Users/stevenjames/Documents/libcmaes/CMakeFiles/CMakeTmp'
Building CXX object CMakeFiles/cmTC_d04de.dir/src.cxx.o
/Applications/Xcode.app/Contents/Developer/Toolchains/XcodeDefault.xctoolchain/usr/bin/c++     -pedantic -Wall -Wextra -Wundef -Wcast-align -Wchar-subscripts -Wnon-virtual-dtor -Wunused-local-typedefs -Wpointer-arith -Wwrite-strings -Wformat-security -Wshorten-64-to-32 -Wenum-conversion -Wc++11-extensions -Wshadow -Wno-variadic-macros -Wno-long-long -fno-check-new -fno-common -fstrict-aliasing -DCOMPILER_SUPPORT_STRICTANSI -Werror   -strict-ansi -o CMakeFiles/cmTC_d04de.dir/src.cxx.o -c /Users/stevenjames/Documents/libcmaes/CMakeFiles/CMakeTmp/src.cxx
clang: error: unknown argument: '-strict-ansi'
CMakeFiles/cmTC_d04de.dir/build.make:65: recipe for target 'CMakeFiles/cmTC_d04de.dir/src.cxx.o' failed
gmake[1]: *** [CMakeFiles/cmTC_d04de.dir/src.cxx.o] Error 1
gmake[1]: Leaving directory '/Users/stevenjames/Documents/libcmaes/CMakeFiles/CMakeTmp'
Makefile:126: recipe for target 'cmTC_d04de/fast' failed
gmake: *** [cmTC_d04de/fast] Error 2

Source file was:
int main() { return 0; }
Determining if the Q_WS_X11 exist failed with the following output:
Change Dir: /Users/stevenjames/Documents/libcmaes/CMakeFiles/CMakeTmp

Run Build Command:"/usr/local/bin/gmake" "cmTC_3294b/fast"
/usr/local/bin/gmake -f CMakeFiles/cmTC_3294b.dir/build.make CMakeFiles/cmTC_3294b.dir/build
gmake[1]: Entering directory '/Users/stevenjames/Documents/libcmaes/CMakeFiles/CMakeTmp'
Building CXX object CMakeFiles/cmTC_3294b.dir/CheckSymbolExists.cxx.o
/Applications/Xcode.app/Contents/Developer/Toolchains/XcodeDefault.xctoolchain/usr/bin/c++    -I/usr/local/Cellar/qt/4.8.7_1/include -F/usr/local/Cellar/qt/4.8.7_1/lib  -pedantic -Wall -Wextra -Wundef -Wcast-align -Wchar-subscripts -Wnon-virtual-dtor -Wunused-local-typedefs -Wpointer-arith -Wwrite-strings -Wformat-security -Wshorten-64-to-32 -Wenum-conversion -Wc++11-extensions -Wshadow -Wno-variadic-macros -Wno-long-long -fno-check-new -fno-common -fstrict-aliasing -Qunused-arguments -ansi    -o CMakeFiles/cmTC_3294b.dir/CheckSymbolExists.cxx.o -c /Users/stevenjames/Documents/libcmaes/CMakeFiles/CMakeTmp/CheckSymbolExists.cxx
/Users/stevenjames/Documents/libcmaes/CMakeFiles/CMakeTmp/CheckSymbolExists.cxx:8:19: error: use of undeclared identifier 'Q_WS_X11'
  return ((int*)(&Q_WS_X11))[argc];
                  ^
1 error generated.
CMakeFiles/cmTC_3294b.dir/build.make:65: recipe for target 'CMakeFiles/cmTC_3294b.dir/CheckSymbolExists.cxx.o' failed
gmake[1]: *** [CMakeFiles/cmTC_3294b.dir/CheckSymbolExists.cxx.o] Error 1
gmake[1]: Leaving directory '/Users/stevenjames/Documents/libcmaes/CMakeFiles/CMakeTmp'
Makefile:126: recipe for target 'cmTC_3294b/fast' failed
gmake: *** [cmTC_3294b/fast] Error 2

File /Users/stevenjames/Documents/libcmaes/CMakeFiles/CMakeTmp/CheckSymbolExists.cxx:
/* */
#include <QtCore/qglobal.h>

int main(int argc, char** argv)
{
  (void)argv;
#ifndef Q_WS_X11
  return ((int*)(&Q_WS_X11))[argc];
#else
  (void)argc;
  return 0;
#endif
}

Determining if the Q_WS_WIN exist failed with the following output:
Change Dir: /Users/stevenjames/Documents/libcmaes/CMakeFiles/CMakeTmp

Run Build Command:"/usr/local/bin/gmake" "cmTC_0f239/fast"
/usr/local/bin/gmake -f CMakeFiles/cmTC_0f239.dir/build.make CMakeFiles/cmTC_0f239.dir/build
gmake[1]: Entering directory '/Users/stevenjames/Documents/libcmaes/CMakeFiles/CMakeTmp'
Building CXX object CMakeFiles/cmTC_0f239.dir/CheckSymbolExists.cxx.o
/Applications/Xcode.app/Contents/Developer/Toolchains/XcodeDefault.xctoolchain/usr/bin/c++    -I/usr/local/Cellar/qt/4.8.7_1/include -F/usr/local/Cellar/qt/4.8.7_1/lib  -pedantic -Wall -Wextra -Wundef -Wcast-align -Wchar-subscripts -Wnon-virtual-dtor -Wunused-local-typedefs -Wpointer-arith -Wwrite-strings -Wformat-security -Wshorten-64-to-32 -Wenum-conversion -Wc++11-extensions -Wshadow -Wno-variadic-macros -Wno-long-long -fno-check-new -fno-common -fstrict-aliasing -Qunused-arguments -ansi    -o CMakeFiles/cmTC_0f239.dir/CheckSymbolExists.cxx.o -c /Users/stevenjames/Documents/libcmaes/CMakeFiles/CMakeTmp/CheckSymbolExists.cxx
/Users/stevenjames/Documents/libcmaes/CMakeFiles/CMakeTmp/CheckSymbolExists.cxx:8:19: error: use of undeclared identifier 'Q_WS_WIN'
  return ((int*)(&Q_WS_WIN))[argc];
                  ^
1 error generated.
CMakeFiles/cmTC_0f239.dir/build.make:65: recipe for target 'CMakeFiles/cmTC_0f239.dir/CheckSymbolExists.cxx.o' failed
gmake[1]: *** [CMakeFiles/cmTC_0f239.dir/CheckSymbolExists.cxx.o] Error 1
gmake[1]: Leaving directory '/Users/stevenjames/Documents/libcmaes/CMakeFiles/CMakeTmp'
Makefile:126: recipe for target 'cmTC_0f239/fast' failed
gmake: *** [cmTC_0f239/fast] Error 2

File /Users/stevenjames/Documents/libcmaes/CMakeFiles/CMakeTmp/CheckSymbolExists.cxx:
/* */
#include <QtCore/qglobal.h>

int main(int argc, char** argv)
{
  (void)argv;
#ifndef Q_WS_WIN
  return ((int*)(&Q_WS_WIN))[argc];
#else
  (void)argc;
  return 0;
#endif
}

Determining if the Q_WS_QWS exist failed with the following output:
Change Dir: /Users/stevenjames/Documents/libcmaes/CMakeFiles/CMakeTmp

Run Build Command:"/usr/local/bin/gmake" "cmTC_7a787/fast"
/usr/local/bin/gmake -f CMakeFiles/cmTC_7a787.dir/build.make CMakeFiles/cmTC_7a787.dir/build
gmake[1]: Entering directory '/Users/stevenjames/Documents/libcmaes/CMakeFiles/CMakeTmp'
Building CXX object CMakeFiles/cmTC_7a787.dir/CheckSymbolExists.cxx.o
/Applications/Xcode.app/Contents/Developer/Toolchains/XcodeDefault.xctoolchain/usr/bin/c++    -I/usr/local/Cellar/qt/4.8.7_1/include -F/usr/local/Cellar/qt/4.8.7_1/lib  -pedantic -Wall -Wextra -Wundef -Wcast-align -Wchar-subscripts -Wnon-virtual-dtor -Wunused-local-typedefs -Wpointer-arith -Wwrite-strings -Wformat-security -Wshorten-64-to-32 -Wenum-conversion -Wc++11-extensions -Wshadow -Wno-variadic-macros -Wno-long-long -fno-check-new -fno-common -fstrict-aliasing -Qunused-arguments -ansi    -o CMakeFiles/cmTC_7a787.dir/CheckSymbolExists.cxx.o -c /Users/stevenjames/Documents/libcmaes/CMakeFiles/CMakeTmp/CheckSymbolExists.cxx
/Users/stevenjames/Documents/libcmaes/CMakeFiles/CMakeTmp/CheckSymbolExists.cxx:8:19: error: use of undeclared identifier 'Q_WS_QWS'
  return ((int*)(&Q_WS_QWS))[argc];
                  ^
1 error generated.
CMakeFiles/cmTC_7a787.dir/build.make:65: recipe for target 'CMakeFiles/cmTC_7a787.dir/CheckSymbolExists.cxx.o' failed
gmake[1]: *** [CMakeFiles/cmTC_7a787.dir/CheckSymbolExists.cxx.o] Error 1
gmake[1]: Leaving directory '/Users/stevenjames/Documents/libcmaes/CMakeFiles/CMakeTmp'
Makefile:126: recipe for target 'cmTC_7a787/fast' failed
gmake: *** [cmTC_7a787/fast] Error 2

File /Users/stevenjames/Documents/libcmaes/CMakeFiles/CMakeTmp/CheckSymbolExists.cxx:
/* */
#include <QtCore/qglobal.h>

int main(int argc, char** argv)
{
  (void)argv;
#ifndef Q_WS_QWS
  return ((int*)(&Q_WS_QWS))[argc];
#else
  (void)argc;
  return 0;
#endif
}

